<?xml version="1.0" encoding="UTF-8"?>
<!-- Generated by org.testng.reporters.JUnitReportReporter -->
<testsuite hostname="DESKTOP-RIN5TFG" failures="0" tests="1" name="testscript.ManageContactTest" time="13.764" errors="0" timestamp="2025-10-09T10:04:59 IST" skipped="0">
  <testcase classname="testscript.ManageContactTest" name="verifyTheUserIsAbleToManageContact" time="13.764"/>
</testsuite> <!-- testscript.ManageContactTest -->
