<?xml version="1.0" encoding="UTF-8"?>
<!-- Generated by org.testng.reporters.JUnitReportReporter -->
<testsuite hostname="DESKTOP-RIN5TFG" failures="0" tests="1" name="testscript.LogoutTest" time="6.908" errors="0" timestamp="2025-10-08T20:35:25 IST" skipped="0">
  <testcase classname="testscript.LogoutTest" name="verifyTheUserIsAbleToLogout" time="6.908"/>
</testsuite> <!-- testscript.LogoutTest -->
