<?xml version="1.0" encoding="UTF-8"?>
<!-- Generated by org.testng.reporters.JUnitReportReporter -->
<testsuite hostname="DESKTOP-RIN5TFG" failures="0" tests="1" name="testscript.ManageFooterTextTest" time="8.990" errors="0" timestamp="2025-10-09T10:08:37 IST" skipped="0">
  <testcase classname="testscript.ManageFooterTextTest" name="verifyUserCanUpdateFooterText" time="8.990"/>
</testsuite> <!-- testscript.ManageFooterTextTest -->
