<?xml version="1.0" encoding="UTF-8"?>
<!-- Generated by org.testng.reporters.JUnitReportReporter -->
<testsuite hostname="DESKTOP-RIN5TFG" failures="0" tests="1" name="testscript.AdminUserTest" time="8.630" errors="0" timestamp="2025-10-10T10:17:24 IST" skipped="0">
  <testcase classname="testscript.AdminUserTest" name="verifyUserCanAddNewAdminUsers" time="8.630"/>
</testsuite> <!-- testscript.AdminUserTest -->
