<?xml version="1.0" encoding="UTF-8"?>
<!-- Generated by org.testng.reporters.JUnitReportReporter -->
<testsuite hostname="DESKTOP-RIN5TFG" failures="0" tests="1" name="testscript.NewsTest" time="12.054" errors="0" timestamp="2025-10-13T10:23:28 IST" skipped="0">
  <testcase classname="testscript.NewsTest" name="verifyTheUserCanAccessManageNewsPage" time="12.054"/>
</testsuite> <!-- testscript.NewsTest -->
