<?xml version="1.0" encoding="UTF-8"?>
<!-- Generated by org.testng.reporters.JUnitReportReporter -->
<testsuite hostname="DESKTOP-RIN5TFG" failures="0" tests="1" name="testscript.ManageCategoryTest" time="13.537" errors="0" timestamp="2025-10-08T20:37:09 IST" skipped="0">
  <testcase classname="testscript.ManageCategoryTest" name="verifyUserCanCreateNewCategory" time="13.537"/>
</testsuite> <!-- testscript.ManageCategoryTest -->
