<?xml version="1.0" encoding="UTF-8"?>
<!-- Generated by org.testng.reporters.JUnitReportReporter -->
<testsuite hostname="DESKTOP-RIN5TFG" failures="0" tests="4" name="testscript.LoginTest" time="25.620" errors="0" timestamp="2025-10-14T09:57:37 IST" skipped="0">
  <testcase classname="testscript.LoginTest" name="verifyTheUserisAbleToLoginWithInValidPassword" time="5.154"/>
  <testcase classname="testscript.LoginTest" name="verifyTheUserisAbleToLoginWithInValidCredentials" time="4.507"/>
  <testcase classname="testscript.LoginTest" name="verifyTheUserisAbleToLoginWithValidCredentials" time="5.494"/>
  <testcase classname="testscript.LoginTest" name="verifyTheUserisAbleToLoginWithInValidUsername" time="10.465"/>
</testsuite> <!-- testscript.LoginTest -->
