<?xml version="1.0" encoding="UTF-8"?>
<!-- Generated by org.testng.reporters.JUnitReportReporter -->
<testsuite hostname="DESKTOP-RIN5TFG" failures="0" tests="1" name="testscript.NewsTest" time="8.917" errors="0" timestamp="2025-10-10T11:04:42 IST" skipped="0">
  <testcase classname="testscript.NewsTest" name="verifyTheUserCanAccessManageNewsPage" time="8.917"/>
</testsuite> <!-- testscript.NewsTest -->
